<?xml version="1.0" encoding="UTF-8"?>
<testsuite xmlns:xsi="http://www.w3.org/2001/XMLSchema-instance" xsi:noNamespaceSchemaLocation="https://maven.apache.org/surefire/maven-surefire-plugin/xsd/surefire-test-report-3.0.xsd" version="3.0" name="ru.mystudy.runner.RunTest" time="2.727" tests="8" errors="0" skipped="0" failures="0">
  <properties>
[...]
</properties>
  <testcase name="runScenario[&quot;&quot;, &quot;Optional[cucumber expressions]&quot;](1)" classname="ru.mystudy.runner.RunTest" time="0.535">
    <system-out><![CDATA[Подключение к БД установленно
Данные в БД добавлены
before step
целое число: 13
after step
before step
дробно число: 13.5
after step
before step
Строка: какой-то текст
after step
before step
Слово: world
after step
Данные очищены
Подключение к БД остановлено
]]></system-out>
  </testcase>
  <testcase name="runScenario[&quot;&quot;, &quot;Optional[Передача коллекций в код автотеста]&quot;](2)" classname="ru.mystudy.runner.RunTest" time="0.041">
    <system-out><![CDATA[Подключение к БД установленно
Данные в БД добавлены
before step
1
2
3
after step
before step
ключ 1 значение 1
ключ 2 значение 2
ключ 3 значение 3
ключ 4 значение 4
after step
before step
[колонка 1, колонка 2, колонка 3]
[колонка 4, колонка 5, колонка 6]
[колонка 7, колонка 8, колонка 9]
after step
Данные очищены
Подключение к БД остановлено
]]></system-out>
  </testcase>
  <testcase name="runScenario[&quot;Успешное снятие денег со счета&quot;, &quot;Optional[Снятие денег со счета]&quot;](3)" classname="ru.mystudy.runner.RunTest" time="0.009">
    <system-out><![CDATA[Подключение к БД установленно
Данные в БД добавлены
before step
after step
before step
after step
before step
after step
Данные очищены
Подключение к БД остановлено
]]></system-out>
  </testcase>
  <testcase name="runScenario[&quot;&quot;, &quot;Optional[Передача многострочного текста]&quot;](4)" classname="ru.mystudy.runner.RunTest" time="0.025">
    <system-out><![CDATA[Подключение к БД установленно
Данные в БД добавлены
before step
Я Омск люблю легко и пылко,
как любит всадника ишак.
Мне Омск дороже, чем бутылка
и сигарета натощак.

На Луговых* украл гитару,
со всем Захламиным* дружу…
И по Казачьему базару
с воровкой Эллочкой брожу.

Я здесь любил и ненавидел,
наследство мамы прокутил…
Ты, Омск, сто раз меня обидел,
и я тебе ещё не мстил.

Кустов зелёные причёски
вдоль всех бульваров и дорог…
Но эта зелень — просто розги,
что Омск выращивает впрок.
after step
Данные очищены
Подключение к БД остановлено
]]></system-out>
  </testcase>
  <testcase name="runScenario[&quot;&quot;, &quot;Optional[Проверка умножения]&quot;](5)" classname="ru.mystudy.runner.RunTest" time="0.013">
    <system-out><![CDATA[Подключение к БД установленно
Данные в БД добавлены
before step
2 + 2 = 4
after step
Данные очищены
Подключение к БД остановлено
]]></system-out>
  </testcase>
  <testcase name="runScenario[&quot;&quot;, &quot;Optional[Проверка умножения]&quot;](6)" classname="ru.mystudy.runner.RunTest" time="0.01">
    <system-out><![CDATA[Подключение к БД установленно
Данные в БД добавлены
before step
2 + 3 = 6
after step
Данные очищены
Подключение к БД остановлено
]]></system-out>
  </testcase>
  <testcase name="runScenario[&quot;&quot;, &quot;Optional[Проверка умножения]&quot;](7)" classname="ru.mystudy.runner.RunTest" time="0.01">
    <system-out><![CDATA[Подключение к БД установленно
Данные в БД добавлены
before step
3 + 3 = 9
after step
Данные очищены
Подключение к БД остановлено
]]></system-out>
  </testcase>
  <testcase name="runScenario[&quot;&quot;, &quot;Optional[Проверка умножения]&quot;](8)" classname="ru.mystudy.runner.RunTest" time="0.012">
    <system-out><![CDATA[Подключение к БД установленно
Данные в БД добавлены
before step
4 + 4 = 16
after step
Данные очищены
Подключение к БД остановлено
]]></system-out>
  </testcase>
</testsuite>